1740794818.267 - Network: Listening on 127.0.0.1:5004
1740794818.295 - Network: Accepted connection from ('127.0.0.1', 50964)
1740794818.312 - Network: Accepted connection from ('127.0.0.1', 50968)
1740794818.328 - Network: Accepted connection from ('127.0.0.1', 50972)
1740794818.337 - Network: Connected to peer VM 1 at 127.0.0.1:5001
1740794818.342 - Network: Connected to peer VM 2 at 127.0.0.1:5002
1740794818.346 - Network: Connected to peer VM 3 at 127.0.0.1:5003
1740794818.351 - Network: Connected to peer VM 5 at 127.0.0.1:5005
1740794818.373 - Network: Accepted connection from ('127.0.0.1', 50982)
1740794818.373 - Internal event: clock ticked to 1.
1740794818.545 - Internal event: clock ticked to 2.
1740794818.717 - Sent message to VM 2: clock is now 3.
1740794818.889 - Internal event: clock ticked to 4.
1740794819.057 - Sent message to VM 1: clock is now 5.
1740794819.229 - Sent message to VM 2: clock is now 6.
1740794819.398 - Sent message to VM 1: clock is now 7.
1740794819.570 - Internal event: clock ticked to 8.
1740794819.742 - Sent message to VM 1: clock is now 9.
1740794819.742 - Sent message to VM 2: clock is now 10.
1740794819.743 - Sent message to VM 3: clock is now 11.
1740794819.743 - Sent message to VM 5: clock is now 12.
1740794819.912 - Sent message to VM 2: clock is now 13.
1740794820.084 - Internal event: clock ticked to 14.
1740794820.254 - Sent message to VM 2: clock is now 15.
1740794820.424 - Internal event: clock ticked to 16.
1740794820.596 - Internal event: clock ticked to 17.
1740794820.763 - Received message: updated clock to 21. Queue length: 0
1740794820.931 - Internal event: clock ticked to 22.
1740794821.101 - Sent message to VM 1: clock is now 23.
1740794821.101 - Sent message to VM 2: clock is now 24.
1740794821.101 - Sent message to VM 3: clock is now 25.
1740794821.101 - Sent message to VM 5: clock is now 26.
1740794821.270 - Internal event: clock ticked to 27.
1740794821.442 - Internal event: clock ticked to 28.
1740794821.613 - Sent message to VM 2: clock is now 29.
1740794821.782 - Received message: updated clock to 30. Queue length: 0
1740794821.954 - Internal event: clock ticked to 31.
1740794822.126 - Sent message to VM 1: clock is now 32.
1740794822.126 - Sent message to VM 2: clock is now 33.
1740794822.126 - Sent message to VM 3: clock is now 34.
1740794822.126 - Sent message to VM 5: clock is now 35.
1740794822.298 - Sent message to VM 2: clock is now 36.
1740794822.466 - Internal event: clock ticked to 37.
1740794822.637 - Internal event: clock ticked to 38.
1740794822.809 - Received message: updated clock to 42. Queue length: 0
1740794822.981 - Internal event: clock ticked to 43.
1740794823.152 - Internal event: clock ticked to 44.
1740794823.321 - Sent message to VM 1: clock is now 45.
1740794823.322 - Sent message to VM 2: clock is now 46.
1740794823.322 - Sent message to VM 3: clock is now 47.
1740794823.322 - Sent message to VM 5: clock is now 48.
1740794823.492 - Internal event: clock ticked to 49.
1740794823.662 - Internal event: clock ticked to 50.
1740794823.834 - Internal event: clock ticked to 51.
1740794824.006 - Sent message to VM 1: clock is now 52.
1740794824.006 - Sent message to VM 2: clock is now 53.
1740794824.006 - Sent message to VM 3: clock is now 54.
1740794824.006 - Sent message to VM 5: clock is now 55.
1740794824.176 - Internal event: clock ticked to 56.
1740794824.347 - Sent message to VM 1: clock is now 57.
1740794824.347 - Sent message to VM 2: clock is now 58.
1740794824.348 - Sent message to VM 3: clock is now 59.
1740794824.348 - Sent message to VM 5: clock is now 60.
1740794824.515 - Internal event: clock ticked to 61.
1740794824.683 - Sent message to VM 2: clock is now 62.
1740794824.850 - Received message: updated clock to 66. Queue length: 0
1740794825.021 - Internal event: clock ticked to 67.
1740794825.191 - Internal event: clock ticked to 68.
1740794825.361 - Internal event: clock ticked to 69.
1740794825.531 - Received message: updated clock to 72. Queue length: 0
1740794825.703 - Sent message to VM 1: clock is now 73.
1740794825.875 - Sent message to VM 1: clock is now 74.
1740794826.046 - Received message: updated clock to 77. Queue length: 0
1740794826.218 - Internal event: clock ticked to 78.
1740794826.389 - Internal event: clock ticked to 79.
1740794826.558 - Received message: updated clock to 82. Queue length: 0
1740794826.725 - Internal event: clock ticked to 83.
1740794826.895 - Internal event: clock ticked to 84.
1740794827.062 - Internal event: clock ticked to 85.
1740794827.230 - Sent message to VM 2: clock is now 86.
1740794827.402 - Received message: updated clock to 88. Queue length: 0
1740794827.571 - Sent message to VM 2: clock is now 89.
1740794827.741 - Internal event: clock ticked to 90.
1740794827.912 - Sent message to VM 2: clock is now 91.
1740794828.084 - Internal event: clock ticked to 92.
1740794828.254 - Sent message to VM 1: clock is now 93.
