1740794818.267 - Network: Listening on 127.0.0.1:5005
1740794818.299 - Network: Accepted connection from ('127.0.0.1', 50965)
1740794818.316 - Network: Accepted connection from ('127.0.0.1', 50969)
1740794818.333 - Network: Accepted connection from ('127.0.0.1', 50973)
1740794818.351 - Network: Accepted connection from ('127.0.0.1', 50977)
1740794818.360 - Network: Connected to peer VM 1 at 127.0.0.1:5001
1740794818.364 - Network: Connected to peer VM 2 at 127.0.0.1:5002
1740794818.369 - Network: Connected to peer VM 3 at 127.0.0.1:5003
1740794818.373 - Network: Connected to peer VM 4 at 127.0.0.1:5004
1740794818.374 - Sent message to VM 2: clock is now 1.
1740794818.629 - Internal event: clock ticked to 2.
1740794818.881 - Internal event: clock ticked to 3.
1740794819.136 - Internal event: clock ticked to 4.
1740794819.390 - Sent message to VM 1: clock is now 5.
1740794819.645 - Sent message to VM 1: clock is now 6.
1740794819.897 - Received message: updated clock to 13. Queue length: 0
1740794820.151 - Internal event: clock ticked to 14.
1740794820.405 - Sent message to VM 2: clock is now 15.
1740794820.660 - Internal event: clock ticked to 16.
1740794820.912 - Received message: updated clock to 22. Queue length: 0
1740794821.164 - Received message: updated clock to 27. Queue length: 0
1740794821.419 - Internal event: clock ticked to 28.
1740794821.675 - Received message: updated clock to 31. Queue length: 0
1740794821.929 - Internal event: clock ticked to 32.
1740794822.184 - Received message: updated clock to 36. Queue length: 0
1740794822.439 - Internal event: clock ticked to 37.
1740794822.695 - Internal event: clock ticked to 38.
1740794822.950 - Received message: updated clock to 43. Queue length: 0
1740794823.204 - Internal event: clock ticked to 44.
1740794823.455 - Received message: updated clock to 49. Queue length: 0
1740794823.710 - Internal event: clock ticked to 50.
1740794823.960 - Internal event: clock ticked to 51.
1740794824.211 - Received message: updated clock to 56. Queue length: 0
1740794824.465 - Received message: updated clock to 61. Queue length: 0
1740794824.721 - Sent message to VM 1: clock is now 62.
1740794824.721 - Sent message to VM 2: clock is now 63.
1740794824.721 - Sent message to VM 3: clock is now 64.
1740794824.722 - Sent message to VM 4: clock is now 65.
1740794824.973 - Internal event: clock ticked to 66.
1740794825.228 - Internal event: clock ticked to 67.
1740794825.481 - Sent message to VM 1: clock is now 68.
1740794825.481 - Sent message to VM 2: clock is now 69.
1740794825.481 - Sent message to VM 3: clock is now 70.
1740794825.481 - Sent message to VM 4: clock is now 71.
1740794825.736 - Internal event: clock ticked to 72.
1740794825.991 - Sent message to VM 1: clock is now 73.
1740794825.991 - Sent message to VM 2: clock is now 74.
1740794825.991 - Sent message to VM 3: clock is now 75.
1740794825.991 - Sent message to VM 4: clock is now 76.
1740794826.246 - Internal event: clock ticked to 77.
1740794826.497 - Sent message to VM 1: clock is now 78.
1740794826.497 - Sent message to VM 2: clock is now 79.
1740794826.497 - Sent message to VM 3: clock is now 80.
1740794826.497 - Sent message to VM 4: clock is now 81.
1740794826.753 - Sent message to VM 2: clock is now 82.
1740794827.006 - Internal event: clock ticked to 83.
1740794827.257 - Received message: updated clock to 89. Queue length: 0
1740794827.512 - Internal event: clock ticked to 90.
1740794827.763 - Internal event: clock ticked to 91.
1740794828.018 - Internal event: clock ticked to 92.
1740794828.271 - Internal event: clock ticked to 93.
